[28-Jan-2021 19:52:34 America/New_York] Starting Error Log: Logging_Errors_Example.php!
[28-Jan-2021 19:52:34 America/New_York] 
[28-Jan-2021 19:52:34 America/New_York] Manual Error Entry Example!
[28-Jan-2021 19:52:34 America/New_York] 
[28-Jan-2021 19:52:34 America/New_York] Ending Error Log: Logging_errors_example.php!
[28-Jan-2021 19:52:34 America/New_York] 
[28-Jan-2021 19:52:37 America/New_York] Starting Error Log: Logging_Errors_Example.php!
[28-Jan-2021 19:52:37 America/New_York] 
[28-Jan-2021 19:52:37 America/New_York] Manual Error Entry Example!
[28-Jan-2021 19:52:37 America/New_York] 
[28-Jan-2021 19:52:37 America/New_York] Ending Error Log: Logging_errors_example.php!
[28-Jan-2021 19:52:37 America/New_York] 
[28-Jan-2021 19:53:20 America/New_York] Starting Error Log: Logging_Errors_Example.php!
[28-Jan-2021 19:53:20 America/New_York] 
[28-Jan-2021 19:53:20 America/New_York] Manual Error Entry Example!
[28-Jan-2021 19:53:20 America/New_York] 
[28-Jan-2021 19:53:20 America/New_York] Ending Error Log: Logging_errors_example.php!
[28-Jan-2021 19:53:20 America/New_York] 
[28-Jan-2021 19:53:23 America/New_York] Starting Error Log: Logging_Errors_Example.php!
[28-Jan-2021 19:53:23 America/New_York] 
[28-Jan-2021 19:53:23 America/New_York] Manual Error Entry Example!
[28-Jan-2021 19:53:23 America/New_York] 
[28-Jan-2021 19:53:23 America/New_York] Ending Error Log: Logging_errors_example.php!
[28-Jan-2021 19:53:23 America/New_York] 
[28-Jan-2021 19:53:36 America/New_York] Starting Error Log: Logging_Errors_Example.php!
[28-Jan-2021 19:53:36 America/New_York] 
[28-Jan-2021 19:53:36 America/New_York] Manual Error Entry Example!
[28-Jan-2021 19:53:36 America/New_York] 
[28-Jan-2021 19:53:36 America/New_York] Ending Error Log: Logging_errors_example.php!
[28-Jan-2021 19:53:36 America/New_York] 
[28-Jan-2021 20:14:44 America/New_York] Starting Error Log: Logging_Errors_Example.php!
[28-Jan-2021 20:14:44 America/New_York] 
[28-Jan-2021 20:14:44 America/New_York] Manual Error Entry Example!
[28-Jan-2021 20:14:44 America/New_York] 
[28-Jan-2021 20:14:44 America/New_York] Ending Error Log: Logging_errors_example.php!
[28-Jan-2021 20:14:44 America/New_York] 
[04-Feb-2021 17:28:11 America/New_York] Starting Error Log: Logging_Errors_Example.php!
[04-Feb-2021 17:28:11 America/New_York] 
[04-Feb-2021 17:28:11 America/New_York] Manual Error Entry Example!
[04-Feb-2021 17:28:11 America/New_York] 
[04-Feb-2021 17:28:11 America/New_York] Ending Error Log: Logging_errors_example.php!
[04-Feb-2021 17:28:11 America/New_York] 
[04-Feb-2021 17:43:35 America/New_York] Starting Error Log: Logging_Errors_Example.php!
[04-Feb-2021 17:43:35 America/New_York] 
[04-Feb-2021 17:43:35 America/New_York] Manual Error Entry Example!
[04-Feb-2021 17:43:35 America/New_York] 
[04-Feb-2021 17:43:35 America/New_York] Ending Error Log: Logging_errors_example.php!
[04-Feb-2021 17:43:35 America/New_York] 
[04-Feb-2021 17:51:28 America/New_York] Starting Error Log: Logging_Errors_Example.php!
[04-Feb-2021 17:51:28 America/New_York] 
[04-Feb-2021 17:51:28 America/New_York] Manual Error Entry Example!
[04-Feb-2021 17:51:28 America/New_York] 
[04-Feb-2021 17:51:28 America/New_York] Ending Error Log: Logging_errors_example.php!
[04-Feb-2021 17:51:28 America/New_York] 
[25-Feb-2021 19:59:05 America/New_York] Starting Error Log: Logging_Errors_Example.php!
[25-Feb-2021 19:59:05 America/New_York] 
[25-Feb-2021 19:59:05 America/New_York] Manual Error Entry Example!
[25-Feb-2021 19:59:05 America/New_York] 
[25-Feb-2021 19:59:05 America/New_York] Ending Error Log: Logging_errors_example.php!
[25-Feb-2021 19:59:05 America/New_York] 
[25-Feb-2021 20:00:10 America/New_York] Starting Error Log: Logging_Errors_Example.php!
[25-Feb-2021 20:00:10 America/New_York] 
[25-Feb-2021 20:00:10 America/New_York] Manual Error Entry Example!
[25-Feb-2021 20:00:10 America/New_York] 
[25-Feb-2021 20:00:10 America/New_York] Ending Error Log: Logging_errors_example.php!
[25-Feb-2021 20:00:10 America/New_York] 
[25-Feb-2021 20:47:58 America/New_York] Starting Error Log: Logging_Errors_Example.php!
[25-Feb-2021 20:47:58 America/New_York] 
[25-Feb-2021 20:47:58 America/New_York] Manual Error Entry Example!
[25-Feb-2021 20:47:58 America/New_York] 
[25-Feb-2021 20:47:58 America/New_York] Ending Error Log: Logging_errors_example.php!
[25-Feb-2021 20:47:58 America/New_York] 
[06-Mar-2021 22:41:38 America/New_York] Starting Error Log: Logging_Errors_Example.php!
[06-Mar-2021 22:41:38 America/New_York] 
[06-Mar-2021 22:41:38 America/New_York] Manual Error Entry Example!
[06-Mar-2021 22:41:38 America/New_York] 
[06-Mar-2021 22:41:38 America/New_York] Ending Error Log: Logging_errors_example.php!
[06-Mar-2021 22:41:38 America/New_York] 
